<?xml version="1.0" encoding="UTF-8"?>
<!-- Generated by org.testng.reporters.JUnitReportReporter -->
<testsuite skipped="0" hostname="DESKTOP-1SCR1MJ" name="com.kyd.testcases.LoginPageTest" tests="1" failures="0" timestamp="01 Aug 2018 10:23:33 GMT" time="3.606" errors="0">
  <testcase name="login" time="3.606" classname="com.kyd.testcases.LoginPageTest"/>
</testsuite> <!-- com.kyd.testcases.LoginPageTest -->
